\BOOKMARK [1][-]{section.1}{Fase de an\341lisis}{}% 1
\BOOKMARK [2][-]{subsection.1.1}{Descripci\363n}{section.1}% 2
\BOOKMARK [2][-]{subsection.1.2}{Requisitos funcionales}{section.1}% 3
\BOOKMARK [2][-]{subsection.1.3}{Requisitos no funcionales}{section.1}% 4
\BOOKMARK [2][-]{subsection.1.4}{Listado de las partes interesadas y de las preocupaciones de cada una}{section.1}% 5
\BOOKMARK [2][-]{subsection.1.5}{Listado de criterios de calidad}{section.1}% 6
\BOOKMARK [2][-]{subsection.1.6}{Diagrama de componentes}{section.1}% 7
\BOOKMARK [1][-]{section.2}{Fase de dise\361o - Diagrama de clases de dise\361o}{}% 8
\BOOKMARK [1][-]{section.3}{Fase de desarrollo}{}% 9
\BOOKMARK [2][-]{subsection.3.1}{Problemas encontrados con tecnolog\355as finalmente no aplicadas}{section.3}% 10
\BOOKMARK [3][-]{subsubsection.3.1.1}{Angular JS y Firebase}{subsection.3.1}% 11
\BOOKMARK [3][-]{subsubsection.3.1.2}{Firebase y App Engine}{subsection.3.1}% 12
\BOOKMARK [3][-]{subsubsection.3.1.3}{Android JS}{subsection.3.1}% 13
\BOOKMARK [2][-]{subsection.3.2}{Tecnolog\355as finalmente usadas}{section.3}% 14
\BOOKMARK [3][-]{subsubsection.3.2.1}{Node JS}{subsection.3.2}% 15
\BOOKMARK [3][-]{subsubsection.3.2.2}{Express JS}{subsection.3.2}% 16
\BOOKMARK [3][-]{subsubsection.3.2.3}{MongoDB}{subsection.3.2}% 17
\BOOKMARK [3][-]{subsubsection.3.2.4}{EJS}{subsection.3.2}% 18
\BOOKMARK [3][-]{subsubsection.3.2.5}{HTML}{subsection.3.2}% 19
\BOOKMARK [3][-]{subsubsection.3.2.6}{Android Studio}{subsection.3.2}% 20
\BOOKMARK [2][-]{subsection.3.3}{Funcionamiento de la aplicaci\363n}{section.3}% 21
\BOOKMARK [2][-]{subsection.3.4}{Aplicaci\363n para m\363vil}{section.3}% 22
